<?xml version="1.0" encoding="UTF-8"?>
<!-- Generated by org.testng.reporters.JUnitReportReporter -->
<testsuite hostname="Anshul-Laptop" failures="0" tests="2" name="TestPages.LoginpageTest" time="40.340" errors="0" timestamp="2024-01-08T19:10:26 IST" skipped="0">
  <testcase classname="TestPages.LoginpageTest" name="LoginUser" time="21.145"/>
  <system-out/>
  <testcase classname="TestPages.LoginpageTest" name="LoginUser" time="19.195"/>
  <system-out/>
</testsuite> <!-- TestPages.LoginpageTest -->
